#
# There is insufficient memory for the Java Runtime Environment to continue.
# Native memory allocation (malloc) failed to allocate 304672 bytes for Chunk::new
# Possible reasons:
#   The system is out of physical RAM or swap space
#   The process is running with CompressedOops enabled, and the Java Heap may be blocking the growth of the native heap
# Possible solutions:
#   Reduce memory load on the system
#   Increase physical memory or swap space
#   Check if swap backing store is full
#   Decrease Java heap size (-Xmx/-Xms)
#   Decrease number of Java threads
#   Decrease Java thread stack sizes (-Xss)
#   Set larger code cache with -XX:ReservedCodeCacheSize=
#   JVM is running with Unscaled Compressed Oops mode in which the Java heap is
#     placed in the first 4GB address space. The Java Heap base address is the
#     maximum limit for the native heap growth. Please use -XX:HeapBaseMinAddress
#     to set the Java Heap base and to place the Java Heap above 4GB virtual address.
# This output file may be truncated or incomplete.
#
#  Out of Memory Error (arena.cpp:189), pid=9536, tid=3620
#
# JRE version: Java(TM) SE Runtime Environment (17.0.9+11) (build 17.0.9+11-LTS-201)
# Java VM: Java HotSpot(TM) 64-Bit Server VM (17.0.9+11-LTS-201, mixed mode, sharing, tiered, compressed oops, compressed class ptrs, g1 gc, windows-amd64)
# No core dump will be written. Minidumps are not enabled by default on client versions of Windows
#

---------------  S U M M A R Y ------------

Command Line: -Dfile.encoding=UTF-8 --module-path=E:\University Management System\build\classes university.management.system.Splash

Host: Intel(R) Core(TM) i5-10210U CPU @ 1.60GHz, 8 cores, 7G,  Windows 11 , 64 bit Build 22621 (10.0.22621.3235)
Time: Thu Apr 18 17:06:52 2024 India Standard Time elapsed time: 8.215892 seconds (0d 0h 0m 8s)

---------------  T H R E A D  ---------------

Current thread (0x000001ae41eb0e50):  JavaThread "C2 CompilerThread0" daemon [_thread_in_native, id=3620, stack(0x000000a7f0700000,0x000000a7f0800000)]


Current CompileTask:
C2:   8216 1432       4       sun.awt.image.JPEGImageDecoder::sendPixels (40 bytes)

Stack: [0x000000a7f0700000,0x000000a7f0800000]
Native frames: (J=compiled Java code, j=interpreted, Vv=VM code, C=native code)
V  [jvm.dll+0x678a4a]
V  [jvm.dll+0x7d9cfd]
V  [jvm.dll+0x7db60e]
V  [jvm.dll+0x7dbc73]
V  [jvm.dll+0x245e1f]
V  [jvm.dll+0xaaafb]
V  [jvm.dll+0xab09c]
V  [jvm.dll+0x36237e]
V  [jvm.dll+0x1bbb3a]
V  [jvm.dll+0x218287]
V  [jvm.dll+0x217561]
V  [jvm.dll+0x1a3bc0]
V  [jvm.dll+0x2272de]
V  [jvm.dll+0x22548b]
V  [jvm.dll+0x78f58c]
V  [jvm.dll+0x78998a]
V  [jvm.dll+0x677875]
C  [ucrtbase.dll+0x29363]
C  [KERNEL32.DLL+0x1257d]
C  [ntdll.dll+0x5aa58]


---------------  P R O C E S S  ---------------

Threads class SMR info:
_java_thread_list=0x000001ae873ae040, length=19, elements={
0x000001ae41e95db0, 0x000001ae41e96c30, 0x000001ae41ea56b0, 0x000001ae41ea7190,
0x000001ae41eaba80, 0x000001ae41ead360, 0x000001ae41eb0e50, 0x000001ae41ebb830,
0x000001ae41ee0070, 0x000001ae871bb600, 0x000001ae8722f290, 0x000001ae87449ef0,
0x000001ae8744e3e0, 0x000001ae87415ed0, 0x000001ae87feb880, 0x000001ae880a8520,
0x000001ae880ab2b0, 0x000001ae880a8010, 0x000001ae873b19c0
}

Java Threads: ( => current thread )
  0x000001ae41e95db0 JavaThread "Reference Handler" daemon [_thread_blocked, id=3812, stack(0x000000a7f0100000,0x000000a7f0200000)]
  0x000001ae41e96c30 JavaThread "Finalizer" daemon [_thread_blocked, id=5640, stack(0x000000a7f0200000,0x000000a7f0300000)]
  0x000001ae41ea56b0 JavaThread "Signal Dispatcher" daemon [_thread_blocked, id=8928, stack(0x000000a7f0300000,0x000000a7f0400000)]
  0x000001ae41ea7190 JavaThread "Attach Listener" daemon [_thread_blocked, id=37404, stack(0x000000a7f0400000,0x000000a7f0500000)]
  0x000001ae41eaba80 JavaThread "Service Thread" daemon [_thread_blocked, id=37852, stack(0x000000a7f0500000,0x000000a7f0600000)]
  0x000001ae41ead360 JavaThread "Monitor Deflation Thread" daemon [_thread_blocked, id=30428, stack(0x000000a7f0600000,0x000000a7f0700000)]
=>0x000001ae41eb0e50 JavaThread "C2 CompilerThread0" daemon [_thread_in_native, id=3620, stack(0x000000a7f0700000,0x000000a7f0800000)]
  0x000001ae41ebb830 JavaThread "C1 CompilerThread0" daemon [_thread_blocked, id=24424, stack(0x000000a7f0800000,0x000000a7f0900000)]
  0x000001ae41ee0070 JavaThread "Sweeper thread" daemon [_thread_blocked, id=14708, stack(0x000000a7f0900000,0x000000a7f0a00000)]
  0x000001ae871bb600 JavaThread "Common-Cleaner" daemon [_thread_blocked, id=36608, stack(0x000000a7f0a00000,0x000000a7f0b00000)]
  0x000001ae8722f290 JavaThread "Notification Thread" daemon [_thread_blocked, id=35128, stack(0x000000a7f0b00000,0x000000a7f0c00000)]
  0x000001ae87449ef0 JavaThread "Java2D Disposer" daemon [_thread_blocked, id=27800, stack(0x000000a7f0e00000,0x000000a7f0f00000)]
  0x000001ae8744e3e0 JavaThread "AWT-Shutdown" [_thread_blocked, id=8104, stack(0x000000a7f0f00000,0x000000a7f1000000)]
  0x000001ae87415ed0 JavaThread "AWT-Windows" daemon [_thread_in_native, id=21544, stack(0x000000a7f1000000,0x000000a7f1100000)]
  0x000001ae87feb880 JavaThread "AWT-EventQueue-0" [_thread_in_native, id=36600, stack(0x000000a7f1900000,0x000000a7f1a00000)]
  0x000001ae880a8520 JavaThread "DestroyJavaVM" [_thread_blocked, id=33324, stack(0x000000a7efa00000,0x000000a7efb00000)]
  0x000001ae880ab2b0 JavaThread "Image Fetcher 0" daemon [_thread_blocked, id=34756, stack(0x000000a7f1100000,0x000000a7f1200000)]
  0x000001ae880a8010 JavaThread "Image Fetcher 1" daemon [_thread_blocked, id=16360, stack(0x000000a7f1a00000,0x000000a7f1b00000)]
  0x000001ae873b19c0 JavaThread "C2 CompilerThread1" daemon [_thread_in_native, id=30932, stack(0x000000a7f0d00000,0x000000a7f0e00000)]

Other Threads:
  0x000001ae41e901a0 VMThread "VM Thread" [stack: 0x000000a7f0000000,0x000000a7f0100000] [id=21256]
  0x000001ae23eb55e0 WatcherThread [stack: 0x000000a7f0c00000,0x000000a7f0d00000] [id=12920]
  0x000001ae23e8bb30 GCTaskThread "GC Thread#0" [stack: 0x000000a7efb00000,0x000000a7efc00000] [id=8900]
  0x000001ae87ff2fe0 GCTaskThread "GC Thread#1" [stack: 0x000000a7f1200000,0x000000a7f1300000] [id=19524]
  0x000001ae87ff32a0 GCTaskThread "GC Thread#2" [stack: 0x000000a7f1300000,0x000000a7f1400000] [id=30436]
  0x000001ae87fad0a0 GCTaskThread "GC Thread#3" [stack: 0x000000a7f1400000,0x000000a7f1500000] [id=29248]
  0x000001ae873545d0 GCTaskThread "GC Thread#4" [stack: 0x000000a7f1500000,0x000000a7f1600000] [id=3944]
  0x000001ae87354ca0 GCTaskThread "GC Thread#5" [stack: 0x000000a7f1600000,0x000000a7f1700000] [id=26492]
  0x000001ae87354f60 GCTaskThread "GC Thread#6" [stack: 0x000000a7f1700000,0x000000a7f1800000] [id=10268]
  0x000001ae87355220 GCTaskThread "GC Thread#7" [stack: 0x000000a7f1800000,0x000000a7f1900000] [id=19320]
  0x000001ae23e9c580 ConcurrentGCThread "G1 Main Marker" [stack: 0x000000a7efc00000,0x000000a7efd00000] [id=29092]
  0x000001ae23e9cf90 ConcurrentGCThread "G1 Conc#0" [stack: 0x000000a7efd00000,0x000000a7efe00000] [id=4324]
  0x000001ae41d514c0 ConcurrentGCThread "G1 Refine#0" [stack: 0x000000a7efe00000,0x000000a7eff00000] [id=26212]
  0x000001ae41d51ef0 ConcurrentGCThread "G1 Service" [stack: 0x000000a7eff00000,0x000000a7f0000000] [id=34208]

Threads with active compile tasks:
C2 CompilerThread0     8272 1432       4       sun.awt.image.JPEGImageDecoder::sendPixels (40 bytes)
C2 CompilerThread1     8272 1433       4       sun.awt.image.ImageDecoder::setPixels (58 bytes)

VM state: not at safepoint (normal execution)

VM Mutex/Monitor currently owned by a thread: None

Heap address: 0x0000000082800000, size: 2008 MB, Compressed Oops mode: 32-bit

CDS archive(s) mapped at: [0x000001ae42000000-0x000001ae42bd0000-0x000001ae42bd0000), size 12386304, SharedBaseAddress: 0x000001ae42000000, ArchiveRelocationMode: 1.
Compressed class space mapped at: 0x000001ae43000000-0x000001ae83000000, reserved size: 1073741824
Narrow klass base: 0x000001ae42000000, Narrow klass shift: 0, Narrow klass range: 0x100000000

GC Precious Log:
 CPUs: 8 total, 8 available
 Memory: 8025M
 Large Page Support: Disabled
 NUMA Support: Disabled
 Compressed Oops: Enabled (32-bit)
 Heap Region Size: 1M
 Heap Min Capacity: 8M
 Heap Initial Capacity: 126M
 Heap Max Capacity: 2008M
 Pre-touch: Disabled
 Parallel Workers: 8
 Concurrent Workers: 2
 Concurrent Refinement Workers: 8
 Periodic GC: Disabled

Heap:
 garbage-first heap   total 246784K, used 73603K [0x0000000082800000, 0x0000000100000000)
  region size 1024K, 8 young (8192K), 3 survivors (3072K)
 Metaspace       used 8340K, committed 8576K, reserved 1114112K
  class space    used 909K, committed 1024K, reserved 1048576K

Heap Regions: E=young(eden), S=young(survivor), O=old, HS=humongous(starts), HC=humongous(continues), CS=collection set, F=free, OA=open archive, CA=closed archive, TAMS=top-at-mark-start (previous, next)
|   0|0x0000000082800000, 0x0000000082900000, 0x0000000082900000|100%|HS|  |TAMS 0x0000000082800000, 0x0000000082900000| Complete 
|   1|0x0000000082900000, 0x0000000082a00000, 0x0000000082a00000|100%|HC|  |TAMS 0x0000000082900000, 0x0000000082a00000| Complete 
|   2|0x0000000082a00000, 0x0000000082b00000, 0x0000000082b00000|100%|HC|  |TAMS 0x0000000082a00000, 0x0000000082b00000| Complete 
|   3|0x0000000082b00000, 0x0000000082c00000, 0x0000000082c00000|100%|HC|  |TAMS 0x0000000082b00000, 0x0000000082c00000| Complete 
|   4|0x0000000082c00000, 0x0000000082d00000, 0x0000000082d00000|100%|HC|  |TAMS 0x0000000082c00000, 0x0000000082d00000| Complete 
|   5|0x0000000082d00000, 0x0000000082e00000, 0x0000000082e00000|100%|HC|  |TAMS 0x0000000082d00000, 0x0000000082e00000| Complete 
|   6|0x0000000082e00000, 0x0000000082f00000, 0x0000000082f00000|100%|HC|  |TAMS 0x0000000082e00000, 0x0000000082f00000| Complete 
|   7|0x0000000082f00000, 0x0000000083000000, 0x0000000083000000|100%|HC|  |TAMS 0x0000000082f00000, 0x0000000083000000| Complete 
|   8|0x0000000083000000, 0x0000000083100000, 0x0000000083100000|100%|HC|  |TAMS 0x0000000083000000, 0x0000000083100000| Complete 
|   9|0x0000000083100000, 0x0000000083200000, 0x0000000083200000|100%|HC|  |TAMS 0x0000000083100000, 0x0000000083200000| Complete 
|  10|0x0000000083200000, 0x0000000083300000, 0x0000000083300000|100%|HC|  |TAMS 0x0000000083200000, 0x0000000083300000| Complete 
|  11|0x0000000083300000, 0x0000000083400000, 0x0000000083400000|100%|HC|  |TAMS 0x0000000083300000, 0x0000000083400000| Complete 
|  12|0x0000000083400000, 0x0000000083500000, 0x0000000083500000|100%|HC|  |TAMS 0x0000000083400000, 0x0000000083500000| Complete 
|  13|0x0000000083500000, 0x0000000083600000, 0x0000000083600000|100%|HC|  |TAMS 0x0000000083500000, 0x0000000083600000| Complete 
|  14|0x0000000083600000, 0x0000000083700000, 0x0000000083700000|100%|HC|  |TAMS 0x0000000083600000, 0x0000000083700000| Complete 
|  15|0x0000000083700000, 0x0000000083800000, 0x0000000083800000|100%|HC|  |TAMS 0x0000000083700000, 0x0000000083800000| Complete 
|  16|0x0000000083800000, 0x0000000083900000, 0x0000000083900000|100%|HC|  |TAMS 0x0000000083800000, 0x0000000083900000| Complete 
|  17|0x0000000083900000, 0x0000000083a00000, 0x0000000083a00000|100%|HC|  |TAMS 0x0000000083900000, 0x0000000083a00000| Complete 
|  18|0x0000000083a00000, 0x0000000083b00000, 0x0000000083b00000|100%|HC|  |TAMS 0x0000000083a00000, 0x0000000083b00000| Complete 
|  19|0x0000000083b00000, 0x0000000083c00000, 0x0000000083c00000|100%|HC|  |TAMS 0x0000000083b00000, 0x0000000083c00000| Complete 
|  20|0x0000000083c00000, 0x0000000083d00000, 0x0000000083d00000|100%|HC|  |TAMS 0x0000000083c00000, 0x0000000083d00000| Complete 
|  21|0x0000000083d00000, 0x0000000083e00000, 0x0000000083e00000|100%|HC|  |TAMS 0x0000000083d00000, 0x0000000083e00000| Complete 
|  22|0x0000000083e00000, 0x0000000083f00000, 0x0000000083f00000|100%|HC|  |TAMS 0x0000000083e00000, 0x0000000083f00000| Complete 
|  23|0x0000000083f00000, 0x0000000084000000, 0x0000000084000000|100%|HC|  |TAMS 0x0000000083f00000, 0x0000000084000000| Complete 
|  24|0x0000000084000000, 0x0000000084100000, 0x0000000084100000|100%|HC|  |TAMS 0x0000000084000000, 0x0000000084100000| Complete 
|  25|0x0000000084100000, 0x0000000084200000, 0x0000000084200000|100%|HC|  |TAMS 0x0000000084100000, 0x0000000084200000| Complete 
|  26|0x0000000084200000, 0x0000000084300000, 0x0000000084300000|100%|HC|  |TAMS 0x0000000084200000, 0x0000000084300000| Complete 
|  27|0x0000000084300000, 0x0000000084400000, 0x0000000084400000|100%|HC|  |TAMS 0x0000000084300000, 0x0000000084400000| Complete 
|  28|0x0000000084400000, 0x0000000084500000, 0x0000000084500000|100%|HC|  |TAMS 0x0000000084400000, 0x0000000084500000| Complete 
|  29|0x0000000084500000, 0x0000000084600000, 0x0000000084600000|100%|HC|  |TAMS 0x0000000084500000, 0x0000000084600000| Complete 
|  30|0x0000000084600000, 0x0000000084700000, 0x0000000084700000|100%|HC|  |TAMS 0x0000000084600000, 0x0000000084700000| Complete 
|  31|0x0000000084700000, 0x0000000084800000, 0x0000000084800000|100%|HC|  |TAMS 0x0000000084700000, 0x0000000084800000| Complete 
|  32|0x0000000084800000, 0x0000000084900000, 0x0000000084900000|100%|HS|  |TAMS 0x0000000084800000, 0x0000000084900000| Complete 
|  33|0x0000000084900000, 0x0000000084a00000, 0x0000000084a00000|100%|HC|  |TAMS 0x0000000084900000, 0x0000000084a00000| Complete 
|  34|0x0000000084a00000, 0x0000000084b00000, 0x0000000084b00000|100%|HC|  |TAMS 0x0000000084a00000, 0x0000000084b00000| Complete 
|  35|0x0000000084b00000, 0x0000000084c00000, 0x0000000084c00000|100%|HS|  |TAMS 0x0000000084b00000, 0x0000000084b00000| Complete 
|  36|0x0000000084c00000, 0x0000000084d00000, 0x0000000084d00000|100%|HC|  |TAMS 0x0000000084c00000, 0x0000000084c00000| Complete 
|  37|0x0000000084d00000, 0x0000000084e00000, 0x0000000084e00000|100%|HC|  |TAMS 0x0000000084d00000, 0x0000000084d00000| Complete 
|  38|0x0000000084e00000, 0x0000000084f00000, 0x0000000084f00000|100%|HC|  |TAMS 0x0000000084e00000, 0x0000000084e00000| Complete 
|  39|0x0000000084f00000, 0x0000000085000000, 0x0000000085000000|100%|HS|  |TAMS 0x0000000084f00000, 0x0000000084f00000| Complete 
|  40|0x0000000085000000, 0x0000000085100000, 0x0000000085100000|100%|HC|  |TAMS 0x0000000085000000, 0x0000000085000000| Complete 
|  41|0x0000000085100000, 0x0000000085200000, 0x0000000085200000|100%|HC|  |TAMS 0x0000000085100000, 0x0000000085100000| Complete 
|  42|0x0000000085200000, 0x0000000085300000, 0x0000000085300000|100%|HC|  |TAMS 0x0000000085200000, 0x0000000085200000| Complete 
|  43|0x0000000085300000, 0x0000000085400000, 0x0000000085400000|100%|HS|  |TAMS 0x0000000085300000, 0x0000000085300000| Complete 
|  44|0x0000000085400000, 0x0000000085500000, 0x0000000085500000|100%|HC|  |TAMS 0x0000000085400000, 0x0000000085400000| Complete 
|  45|0x0000000085500000, 0x0000000085600000, 0x0000000085600000|100%|HC|  |TAMS 0x0000000085500000, 0x0000000085500000| Complete 
|  46|0x0000000085600000, 0x0000000085700000, 0x0000000085700000|100%|HC|  |TAMS 0x0000000085600000, 0x0000000085600000| Complete 
|  47|0x0000000085700000, 0x0000000085800000, 0x0000000085800000|100%|HS|  |TAMS 0x0000000085700000, 0x0000000085700000| Complete 
|  48|0x0000000085800000, 0x0000000085900000, 0x0000000085900000|100%|HC|  |TAMS 0x0000000085800000, 0x0000000085800000| Complete 
|  49|0x0000000085900000, 0x0000000085a00000, 0x0000000085a00000|100%|HC|  |TAMS 0x0000000085900000, 0x0000000085900000| Complete 
|  50|0x0000000085a00000, 0x0000000085b00000, 0x0000000085b00000|100%|HC|  |TAMS 0x0000000085a00000, 0x0000000085a00000| Complete 
|  51|0x0000000085b00000, 0x0000000085c00000, 0x0000000085c00000|100%|HS|  |TAMS 0x0000000085b00000, 0x0000000085b00000| Complete 
|  52|0x0000000085c00000, 0x0000000085d00000, 0x0000000085d00000|100%|HC|  |TAMS 0x0000000085c00000, 0x0000000085c00000| Complete 
|  53|0x0000000085d00000, 0x0000000085e00000, 0x0000000085e00000|100%|HC|  |TAMS 0x0000000085d00000, 0x0000000085d00000| Complete 
|  54|0x0000000085e00000, 0x0000000085f00000, 0x0000000085f00000|100%|HC|  |TAMS 0x0000000085e00000, 0x0000000085e00000| Complete 
|  55|0x0000000085f00000, 0x0000000086000000, 0x0000000086000000|100%|HS|  |TAMS 0x0000000085f00000, 0x0000000085f00000| Complete 
|  56|0x0000000086000000, 0x0000000086100000, 0x0000000086100000|100%|HC|  |TAMS 0x0000000086000000, 0x0000000086000000| Complete 
|  57|0x0000000086100000, 0x0000000086100000, 0x0000000086200000|  0%| F|  |TAMS 0x0000000086100000, 0x0000000086100000| Untracked 
|  58|0x0000000086200000, 0x0000000086200000, 0x0000000086300000|  0%| F|  |TAMS 0x0000000086200000, 0x0000000086200000| Untracked 
|  59|0x0000000086300000, 0x0000000086300000, 0x0000000086400000|  0%| F|  |TAMS 0x0000000086300000, 0x0000000086300000| Untracked 
|  60|0x0000000086400000, 0x0000000086400000, 0x0000000086500000|  0%| F|  |TAMS 0x0000000086400000, 0x0000000086400000| Untracked 
|  61|0x0000000086500000, 0x0000000086500000, 0x0000000086600000|  0%| F|  |TAMS 0x0000000086500000, 0x0000000086500000| Untracked 
|  62|0x0000000086600000, 0x0000000086600000, 0x0000000086700000|  0%| F|  |TAMS 0x0000000086600000, 0x0000000086600000| Untracked 
|  63|0x0000000086700000, 0x0000000086700000, 0x0000000086800000|  0%| F|  |TAMS 0x0000000086700000, 0x0000000086700000| Untracked 
|  64|0x0000000086800000, 0x0000000086800000, 0x0000000086900000|  0%| F|  |TAMS 0x0000000086800000, 0x0000000086800000| Untracked 
|  65|0x0000000086900000, 0x0000000086900000, 0x0000000086a00000|  0%| F|  |TAMS 0x0000000086900000, 0x0000000086900000| Untracked 
|  66|0x0000000086a00000, 0x0000000086a00000, 0x0000000086b00000|  0%| F|  |TAMS 0x0000000086a00000, 0x0000000086a00000| Untracked 
|  67|0x0000000086b00000, 0x0000000086b00000, 0x0000000086c00000|  0%| F|  |TAMS 0x0000000086b00000, 0x0000000086b00000| Untracked 
|  68|0x0000000086c00000, 0x0000000086c00000, 0x0000000086d00000|  0%| F|  |TAMS 0x0000000086c00000, 0x0000000086c00000| Untracked 
|  69|0x0000000086d00000, 0x0000000086d00000, 0x0000000086e00000|  0%| F|  |TAMS 0x0000000086d00000, 0x0000000086d00000| Untracked 
|  70|0x0000000086e00000, 0x0000000086e00000, 0x0000000086f00000|  0%| F|  |TAMS 0x0000000086e00000, 0x0000000086e00000| Untracked 
|  71|0x0000000086f00000, 0x0000000086f00000, 0x0000000087000000|  0%| F|  |TAMS 0x0000000086f00000, 0x0000000086f00000| Untracked 
|  72|0x0000000087000000, 0x0000000087000000, 0x0000000087100000|  0%| F|  |TAMS 0x0000000087000000, 0x0000000087000000| Untracked 
|  73|0x0000000087100000, 0x0000000087100000, 0x0000000087200000|  0%| F|  |TAMS 0x0000000087100000, 0x0000000087100000| Untracked 
|  74|0x0000000087200000, 0x0000000087200000, 0x0000000087300000|  0%| F|  |TAMS 0x0000000087200000, 0x0000000087200000| Untracked 
|  75|0x0000000087300000, 0x0000000087300000, 0x0000000087400000|  0%| F|  |TAMS 0x0000000087300000, 0x0000000087300000| Untracked 
|  76|0x0000000087400000, 0x0000000087400000, 0x0000000087500000|  0%| F|  |TAMS 0x0000000087400000, 0x0000000087400000| Untracked 
|  77|0x0000000087500000, 0x0000000087500000, 0x0000000087600000|  0%| F|  |TAMS 0x0000000087500000, 0x0000000087500000| Untracked 
|  78|0x0000000087600000, 0x0000000087600000, 0x0000000087700000|  0%| F|  |TAMS 0x0000000087600000, 0x0000000087600000| Untracked 
|  79|0x0000000087700000, 0x0000000087700000, 0x0000000087800000|  0%| F|  |TAMS 0x0000000087700000, 0x0000000087700000| Untracked 
|  80|0x0000000087800000, 0x0000000087800000, 0x0000000087900000|  0%| F|  |TAMS 0x0000000087800000, 0x0000000087800000| Untracked 
|  81|0x0000000087900000, 0x0000000087900000, 0x0000000087a00000|  0%| F|  |TAMS 0x0000000087900000, 0x0000000087900000| Untracked 
|  82|0x0000000087a00000, 0x0000000087a00000, 0x0000000087b00000|  0%| F|  |TAMS 0x0000000087a00000, 0x0000000087a00000| Untracked 
|  83|0x0000000087b00000, 0x0000000087b00000, 0x0000000087c00000|  0%| F|  |TAMS 0x0000000087b00000, 0x0000000087b00000| Untracked 
|  84|0x0000000087c00000, 0x0000000087c00000, 0x0000000087d00000|  0%| F|  |TAMS 0x0000000087c00000, 0x0000000087c00000| Untracked 
|  85|0x0000000087d00000, 0x0000000087d00000, 0x0000000087e00000|  0%| F|  |TAMS 0x0000000087d00000, 0x0000000087d00000| Untracked 
|  86|0x0000000087e00000, 0x0000000087e00000, 0x0000000087f00000|  0%| F|  |TAMS 0x0000000087e00000, 0x0000000087e00000| Untracked 
|  87|0x0000000087f00000, 0x0000000087f00000, 0x0000000088000000|  0%| F|  |TAMS 0x0000000087f00000, 0x0000000087f00000| Untracked 
|  88|0x0000000088000000, 0x0000000088000000, 0x0000000088100000|  0%| F|  |TAMS 0x0000000088000000, 0x0000000088000000| Untracked 
|  89|0x0000000088100000, 0x0000000088100000, 0x0000000088200000|  0%| F|  |TAMS 0x0000000088100000, 0x0000000088100000| Untracked 
|  90|0x0000000088200000, 0x0000000088200000, 0x0000000088300000|  0%| F|  |TAMS 0x0000000088200000, 0x0000000088200000| Untracked 
|  91|0x0000000088300000, 0x0000000088300000, 0x0000000088400000|  0%| F|  |TAMS 0x0000000088300000, 0x0000000088300000| Untracked 
|  92|0x0000000088400000, 0x0000000088400000, 0x0000000088500000|  0%| F|  |TAMS 0x0000000088400000, 0x0000000088400000| Untracked 
|  93|0x0000000088500000, 0x0000000088500000, 0x0000000088600000|  0%| F|  |TAMS 0x0000000088500000, 0x0000000088500000| Untracked 
|  94|0x0000000088600000, 0x0000000088600000, 0x0000000088700000|  0%| F|  |TAMS 0x0000000088600000, 0x0000000088600000| Untracked 
|  95|0x0000000088700000, 0x0000000088700000, 0x0000000088800000|  0%| F|  |TAMS 0x0000000088700000, 0x0000000088700000| Untracked 
|  96|0x0000000088800000, 0x0000000088800000, 0x0000000088900000|  0%| F|  |TAMS 0x0000000088800000, 0x0000000088800000| Untracked 
|  97|0x0000000088900000, 0x0000000088900000, 0x0000000088a00000|  0%| F|  |TAMS 0x0000000088900000, 0x0000000088900000| Untracked 
|  98|0x0000000088a00000, 0x0000000088b00000, 0x0000000088b00000|100%|HS|  |TAMS 0x0000000088a00000, 0x0000000088b00000| Complete 
|  99|0x0000000088b00000, 0x0000000088c00000, 0x0000000088c00000|100%|HC|  |TAMS 0x0000000088b00000, 0x0000000088c00000| Complete 
| 100|0x0000000088c00000, 0x0000000088d00000, 0x0000000088d00000|100%|HC|  |TAMS 0x0000000088c00000, 0x0000000088d00000| Complete 
| 101|0x0000000088d00000, 0x0000000088e00000, 0x0000000088e00000|100%|HC|  |TAMS 0x0000000088d00000, 0x0000000088e00000| Complete 
| 102|0x0000000088e00000, 0x0000000088f00000, 0x0000000088f00000|100%|HS|  |TAMS 0x0000000088e00000, 0x0000000088f00000| Complete 
| 103|0x0000000088f00000, 0x0000000089000000, 0x0000000089000000|100%|HC|  |TAMS 0x0000000088f00000, 0x0000000089000000| Complete 
| 104|0x0000000089000000, 0x0000000089100000, 0x0000000089100000|100%|HC|  |TAMS 0x0000000089000000, 0x0000000089100000| Complete 
| 105|0x0000000089100000, 0x0000000089200000, 0x0000000089200000|100%|HC|  |TAMS 0x0000000089100000, 0x0000000089200000| Complete 
| 106|0x0000000089200000, 0x0000000089200000, 0x0000000089300000|  0%| F|  |TAMS 0x0000000089200000, 0x0000000089200000| Untracked 
| 107|0x0000000089300000, 0x0000000089300000, 0x0000000089400000|  0%| F|  |TAMS 0x0000000089300000, 0x0000000089300000| Untracked 
| 108|0x0000000089400000, 0x0000000089400000, 0x0000000089500000|  0%| F|  |TAMS 0x0000000089400000, 0x0000000089400000| Untracked 
| 109|0x0000000089500000, 0x0000000089500000, 0x0000000089600000|  0%| F|  |TAMS 0x0000000089500000, 0x0000000089500000| Untracked 
| 110|0x0000000089600000, 0x0000000089600000, 0x0000000089700000|  0%| F|  |TAMS 0x0000000089600000, 0x0000000089600000| Untracked 
| 111|0x0000000089700000, 0x0000000089700000, 0x0000000089800000|  0%| F|  |TAMS 0x0000000089700000, 0x0000000089700000| Untracked 
| 112|0x0000000089800000, 0x0000000089800000, 0x0000000089900000|  0%| F|  |TAMS 0x0000000089800000, 0x0000000089800000| Untracked 
| 113|0x0000000089900000, 0x0000000089900000, 0x0000000089a00000|  0%| F|  |TAMS 0x0000000089900000, 0x0000000089900000| Untracked 
| 114|0x0000000089a00000, 0x0000000089a00000, 0x0000000089b00000|  0%| F|  |TAMS 0x0000000089a00000, 0x0000000089a00000| Untracked 
| 115|0x0000000089b00000, 0x0000000089b00000, 0x0000000089c00000|  0%| F|  |TAMS 0x0000000089b00000, 0x0000000089b00000| Untracked 
| 116|0x0000000089c00000, 0x0000000089c00000, 0x0000000089d00000|  0%| F|  |TAMS 0x0000000089c00000, 0x0000000089c00000| Untracked 
| 117|0x0000000089d00000, 0x0000000089d00000, 0x0000000089e00000|  0%| F|  |TAMS 0x0000000089d00000, 0x0000000089d00000| Untracked 
| 118|0x0000000089e00000, 0x0000000089e00000, 0x0000000089f00000|  0%| F|  |TAMS 0x0000000089e00000, 0x0000000089e00000| Untracked 
| 119|0x0000000089f00000, 0x0000000089f00000, 0x000000008a000000|  0%| F|  |TAMS 0x0000000089f00000, 0x0000000089f00000| Untracked 
| 120|0x000000008a000000, 0x000000008a000000, 0x000000008a100000|  0%| F|  |TAMS 0x000000008a000000, 0x000000008a000000| Untracked 
| 121|0x000000008a100000, 0x000000008a100000, 0x000000008a200000|  0%| F|  |TAMS 0x000000008a100000, 0x000000008a100000| Untracked 
| 122|0x000000008a200000, 0x000000008a200000, 0x000000008a300000|  0%| F|  |TAMS 0x000000008a200000, 0x000000008a200000| Untracked 
| 123|0x000000008a300000, 0x000000008a300000, 0x000000008a400000|  0%| F|  |TAMS 0x000000008a300000, 0x000000008a300000| Untracked 
| 124|0x000000008a400000, 0x000000008a400000, 0x000000008a500000|  0%| F|  |TAMS 0x000000008a400000, 0x000000008a400000| Untracked 
| 125|0x000000008a500000, 0x000000008a500000, 0x000000008a600000|  0%| F|  |TAMS 0x000000008a500000, 0x000000008a500000| Untracked 
| 126|0x000000008a600000, 0x000000008a600000, 0x000000008a700000|  0%| F|  |TAMS 0x000000008a600000, 0x000000008a600000| Untracked 
| 127|0x000000008a700000, 0x000000008a700000, 0x000000008a800000|  0%| F|  |TAMS 0x000000008a700000, 0x000000008a700000| Untracked 
| 128|0x000000008a800000, 0x000000008a800000, 0x000000008a900000|  0%| F|  |TAMS 0x000000008a800000, 0x000000008a800000| Untracked 
| 129|0x000000008a900000, 0x000000008a900000, 0x000000008aa00000|  0%| F|  |TAMS 0x000000008a900000, 0x000000008a900000| Untracked 
| 130|0x000000008aa00000, 0x000000008aa00000, 0x000000008ab00000|  0%| F|  |TAMS 0x000000008aa00000, 0x000000008aa00000| Untracked 
| 131|0x000000008ab00000, 0x000000008ab00000, 0x000000008ac00000|  0%| F|  |TAMS 0x000000008ab00000, 0x000000008ab00000| Untracked 
| 132|0x000000008ac00000, 0x000000008ac00000, 0x000000008ad00000|  0%| F|  |TAMS 0x000000008ac00000, 0x000000008ac00000| Untracked 
| 133|0x000000008ad00000, 0x000000008ad00000, 0x000000008ae00000|  0%| F|  |TAMS 0x000000008ad00000, 0x000000008ad00000| Untracked 
| 134|0x000000008ae00000, 0x000000008ae00000, 0x000000008af00000|  0%| F|  |TAMS 0x000000008ae00000, 0x000000008ae00000| Untracked 
| 135|0x000000008af00000, 0x000000008af00000, 0x000000008b000000|  0%| F|  |TAMS 0x000000008af00000, 0x000000008af00000| Untracked 
| 136|0x000000008b000000, 0x000000008b000000, 0x000000008b100000|  0%| F|  |TAMS 0x000000008b000000, 0x000000008b000000| Untracked 
| 137|0x000000008b100000, 0x000000008b100000, 0x000000008b200000|  0%| F|  |TAMS 0x000000008b100000, 0x000000008b100000| Untracked 
| 138|0x000000008b200000, 0x000000008b200000, 0x000000008b300000|  0%| F|  |TAMS 0x000000008b200000, 0x000000008b200000| Untracked 
| 139|0x000000008b300000, 0x000000008b300000, 0x000000008b400000|  0%| F|  |TAMS 0x000000008b300000, 0x000000008b300000| Untracked 
| 140|0x000000008b400000, 0x000000008b400000, 0x000000008b500000|  0%| F|  |TAMS 0x000000008b400000, 0x000000008b400000| Untracked 
| 141|0x000000008b500000, 0x000000008b500000, 0x000000008b600000|  0%| F|  |TAMS 0x000000008b500000, 0x000000008b500000| Untracked 
| 142|0x000000008b600000, 0x000000008b600000, 0x000000008b700000|  0%| F|  |TAMS 0x000000008b600000, 0x000000008b600000| Untracked 
| 143|0x000000008b700000, 0x000000008b700000, 0x000000008b800000|  0%| F|  |TAMS 0x000000008b700000, 0x000000008b700000| Untracked 
| 144|0x000000008b800000, 0x000000008b800000, 0x000000008b900000|  0%| F|  |TAMS 0x000000008b800000, 0x000000008b800000| Untracked 
| 145|0x000000008b900000, 0x000000008b900000, 0x000000008ba00000|  0%| F|  |TAMS 0x000000008b900000, 0x000000008b900000| Untracked 
| 146|0x000000008ba00000, 0x000000008ba00000, 0x000000008bb00000|  0%| F|  |TAMS 0x000000008ba00000, 0x000000008ba00000| Untracked 
| 147|0x000000008bb00000, 0x000000008bb00000, 0x000000008bc00000|  0%| F|  |TAMS 0x000000008bb00000, 0x000000008bb00000| Untracked 
| 148|0x000000008bc00000, 0x000000008bc00000, 0x000000008bd00000|  0%| F|  |TAMS 0x000000008bc00000, 0x000000008bc00000| Untracked 
| 149|0x000000008bd00000, 0x000000008bd00000, 0x000000008be00000|  0%| F|  |TAMS 0x000000008bd00000, 0x000000008bd00000| Untracked 
| 150|0x000000008be00000, 0x000000008be00000, 0x000000008bf00000|  0%| F|  |TAMS 0x000000008be00000, 0x000000008be00000| Untracked 
| 151|0x000000008bf00000, 0x000000008bf00000, 0x000000008c000000|  0%| F|  |TAMS 0x000000008bf00000, 0x000000008bf00000| Untracked 
| 152|0x000000008c000000, 0x000000008c000000, 0x000000008c100000|  0%| F|  |TAMS 0x000000008c000000, 0x000000008c000000| Untracked 
| 153|0x000000008c100000, 0x000000008c100000, 0x000000008c200000|  0%| F|  |TAMS 0x000000008c100000, 0x000000008c100000| Untracked 
| 154|0x000000008c200000, 0x000000008c200000, 0x000000008c300000|  0%| F|  |TAMS 0x000000008c200000, 0x000000008c200000| Untracked 
| 155|0x000000008c300000, 0x000000008c300000, 0x000000008c400000|  0%| F|  |TAMS 0x000000008c300000, 0x000000008c300000| Untracked 
| 156|0x000000008c400000, 0x000000008c400000, 0x000000008c500000|  0%| F|  |TAMS 0x000000008c400000, 0x000000008c400000| Untracked 
| 157|0x000000008c500000, 0x000000008c500000, 0x000000008c600000|  0%| F|  |TAMS 0x000000008c500000, 0x000000008c500000| Untracked 
| 158|0x000000008c600000, 0x000000008c600000, 0x000000008c700000|  0%| F|  |TAMS 0x000000008c600000, 0x000000008c600000| Untracked 
| 159|0x000000008c700000, 0x000000008c700000, 0x000000008c800000|  0%| F|  |TAMS 0x000000008c700000, 0x000000008c700000| Untracked 
| 160|0x000000008c800000, 0x000000008c800000, 0x000000008c900000|  0%| F|  |TAMS 0x000000008c800000, 0x000000008c800000| Untracked 
| 161|0x000000008c900000, 0x000000008c900000, 0x000000008ca00000|  0%| F|  |TAMS 0x000000008c900000, 0x000000008c900000| Untracked 
| 162|0x000000008ca00000, 0x000000008ca00000, 0x000000008cb00000|  0%| F|  |TAMS 0x000000008ca00000, 0x000000008ca00000| Untracked 
| 163|0x000000008cb00000, 0x000000008cb00000, 0x000000008cc00000|  0%| F|  |TAMS 0x000000008cb00000, 0x000000008cb00000| Untracked 
| 164|0x000000008cc00000, 0x000000008cc00000, 0x000000008cd00000|  0%| F|  |TAMS 0x000000008cc00000, 0x000000008cc00000| Untracked 
| 165|0x000000008cd00000, 0x000000008cd00000, 0x000000008ce00000|  0%| F|  |TAMS 0x000000008cd00000, 0x000000008cd00000| Untracked 
| 166|0x000000008ce00000, 0x000000008ce00000, 0x000000008cf00000|  0%| F|  |TAMS 0x000000008ce00000, 0x000000008ce00000| Untracked 
| 167|0x000000008cf00000, 0x000000008cf00000, 0x000000008d000000|  0%| F|  |TAMS 0x000000008cf00000, 0x000000008cf00000| Untracked 
| 168|0x000000008d000000, 0x000000008d000000, 0x000000008d100000|  0%| F|  |TAMS 0x000000008d000000, 0x000000008d000000| Untracked 
| 169|0x000000008d100000, 0x000000008d100000, 0x000000008d200000|  0%| F|  |TAMS 0x000000008d100000, 0x000000008d100000| Untracked 
| 170|0x000000008d200000, 0x000000008d200000, 0x000000008d300000|  0%| F|  |TAMS 0x000000008d200000, 0x000000008d200000| Untracked 
| 171|0x000000008d300000, 0x000000008d300000, 0x000000008d400000|  0%| F|  |TAMS 0x000000008d300000, 0x000000008d300000| Untracked 
| 172|0x000000008d400000, 0x000000008d400000, 0x000000008d500000|  0%| F|  |TAMS 0x000000008d400000, 0x000000008d400000| Untracked 
| 173|0x000000008d500000, 0x000000008d500000, 0x000000008d600000|  0%| F|  |TAMS 0x000000008d500000, 0x000000008d500000| Untracked 
| 174|0x000000008d600000, 0x000000008d600000, 0x000000008d700000|  0%| F|  |TAMS 0x000000008d600000, 0x000000008d600000| Untracked 
| 175|0x000000008d700000, 0x000000008d700000, 0x000000008d800000|  0%| F|  |TAMS 0x000000008d700000, 0x000000008d700000| Untracked 
| 176|0x000000008d800000, 0x000000008d800000, 0x000000008d900000|  0%| F|  |TAMS 0x000000008d800000, 0x000000008d800000| Untracked 
| 177|0x000000008d900000, 0x000000008d900000, 0x000000008da00000|  0%| F|  |TAMS 0x000000008d900000, 0x000000008d900000| Untracked 
| 178|0x000000008da00000, 0x000000008da00000, 0x000000008db00000|  0%| F|  |TAMS 0x000000008da00000, 0x000000008da00000| Untracked 
| 179|0x000000008db00000, 0x000000008db00000, 0x000000008dc00000|  0%| F|  |TAMS 0x000000008db00000, 0x000000008db00000| Untracked 
| 180|0x000000008dc00000, 0x000000008dc00000, 0x000000008dd00000|  0%| F|  |TAMS 0x000000008dc00000, 0x000000008dc00000| Untracked 
| 181|0x000000008dd00000, 0x000000008dd00000, 0x000000008de00000|  0%| F|  |TAMS 0x000000008dd00000, 0x000000008dd00000| Untracked 
| 182|0x000000008de00000, 0x000000008de00000, 0x000000008df00000|  0%| F|  |TAMS 0x000000008de00000, 0x000000008de00000| Untracked 
| 183|0x000000008df00000, 0x000000008df00000, 0x000000008e000000|  0%| F|  |TAMS 0x000000008df00000, 0x000000008df00000| Untracked 
| 184|0x000000008e000000, 0x000000008e000000, 0x000000008e100000|  0%| F|  |TAMS 0x000000008e000000, 0x000000008e000000| Untracked 
| 185|0x000000008e100000, 0x000000008e100000, 0x000000008e200000|  0%| F|  |TAMS 0x000000008e100000, 0x000000008e100000| Untracked 
| 186|0x000000008e200000, 0x000000008e200000, 0x000000008e300000|  0%| F|  |TAMS 0x000000008e200000, 0x000000008e200000| Untracked 
| 187|0x000000008e300000, 0x000000008e300000, 0x000000008e400000|  0%| F|  |TAMS 0x000000008e300000, 0x000000008e300000| Untracked 
| 188|0x000000008e400000, 0x000000008e400000, 0x000000008e500000|  0%| F|  |TAMS 0x000000008e400000, 0x000000008e400000| Untracked 
| 189|0x000000008e500000, 0x000000008e500000, 0x000000008e600000|  0%| F|  |TAMS 0x000000008e500000, 0x000000008e500000| Untracked 
| 190|0x000000008e600000, 0x000000008e600000, 0x000000008e700000|  0%| F|  |TAMS 0x000000008e600000, 0x000000008e600000| Untracked 
| 191|0x000000008e700000, 0x000000008e700000, 0x000000008e800000|  0%| F|  |TAMS 0x000000008e700000, 0x000000008e700000| Untracked 
| 192|0x000000008e800000, 0x000000008e800000, 0x000000008e900000|  0%| F|  |TAMS 0x000000008e800000, 0x000000008e800000| Untracked 
| 193|0x000000008e900000, 0x000000008e900000, 0x000000008ea00000|  0%| F|  |TAMS 0x000000008e900000, 0x000000008e900000| Untracked 
| 194|0x000000008ea00000, 0x000000008ea00000, 0x000000008eb00000|  0%| F|  |TAMS 0x000000008ea00000, 0x000000008ea00000| Untracked 
| 195|0x000000008eb00000, 0x000000008eb00000, 0x000000008ec00000|  0%| F|  |TAMS 0x000000008eb00000, 0x000000008eb00000| Untracked 
| 196|0x000000008ec00000, 0x000000008ec00000, 0x000000008ed00000|  0%| F|  |TAMS 0x000000008ec00000, 0x000000008ec00000| Untracked 
| 197|0x000000008ed00000, 0x000000008ed00000, 0x000000008ee00000|  0%| F|  |TAMS 0x000000008ed00000, 0x000000008ed00000| Untracked 
| 198|0x000000008ee00000, 0x000000008ee00000, 0x000000008ef00000|  0%| F|  |TAMS 0x000000008ee00000, 0x000000008ee00000| Untracked 
| 199|0x000000008ef00000, 0x000000008ef00000, 0x000000008f000000|  0%| F|  |TAMS 0x000000008ef00000, 0x000000008ef00000| Untracked 
| 200|0x000000008f000000, 0x000000008f000000, 0x000000008f100000|  0%| F|  |TAMS 0x000000008f000000, 0x000000008f000000| Untracked 
| 201|0x000000008f100000, 0x000000008f100000, 0x000000008f200000|  0%| F|  |TAMS 0x000000008f100000, 0x000000008f100000| Untracked 
| 202|0x000000008f200000, 0x000000008f200000, 0x000000008f300000|  0%| F|  |TAMS 0x000000008f200000, 0x000000008f200000| Untracked 
| 203|0x000000008f300000, 0x000000008f300000, 0x000000008f400000|  0%| F|  |TAMS 0x000000008f300000, 0x000000008f300000| Untracked 
| 204|0x000000008f400000, 0x000000008f400000, 0x000000008f500000|  0%| F|  |TAMS 0x000000008f400000, 0x000000008f400000| Untracked 
| 205|0x000000008f500000, 0x000000008f500000, 0x000000008f600000|  0%| F|  |TAMS 0x000000008f500000, 0x000000008f500000| Untracked 
| 206|0x000000008f600000, 0x000000008f600000, 0x000000008f700000|  0%| F|  |TAMS 0x000000008f600000, 0x000000008f600000| Untracked 
| 207|0x000000008f700000, 0x000000008f700000, 0x000000008f800000|  0%| F|  |TAMS 0x000000008f700000, 0x000000008f700000| Untracked 
| 208|0x000000008f800000, 0x000000008f800000, 0x000000008f900000|  0%| F|  |TAMS 0x000000008f800000, 0x000000008f800000| Untracked 
| 209|0x000000008f900000, 0x000000008f900000, 0x000000008fa00000|  0%| F|  |TAMS 0x000000008f900000, 0x000000008f900000| Untracked 
| 210|0x000000008fa00000, 0x000000008fa00000, 0x000000008fb00000|  0%| F|  |TAMS 0x000000008fa00000, 0x000000008fa00000| Untracked 
| 211|0x000000008fb00000, 0x000000008fb00000, 0x000000008fc00000|  0%| F|  |TAMS 0x000000008fb00000, 0x000000008fb00000| Untracked 
| 212|0x000000008fc00000, 0x000000008fc00000, 0x000000008fd00000|  0%| F|  |TAMS 0x000000008fc00000, 0x000000008fc00000| Untracked 
| 213|0x000000008fd00000, 0x000000008fd00000, 0x000000008fe00000|  0%| F|  |TAMS 0x000000008fd00000, 0x000000008fd00000| Untracked 
| 214|0x000000008fe00000, 0x000000008fe00000, 0x000000008ff00000|  0%| F|  |TAMS 0x000000008fe00000, 0x000000008fe00000| Untracked 
| 215|0x000000008ff00000, 0x000000008ff00000, 0x0000000090000000|  0%| F|  |TAMS 0x000000008ff00000, 0x000000008ff00000| Untracked 
| 216|0x0000000090000000, 0x0000000090000000, 0x0000000090100000|  0%| F|  |TAMS 0x0000000090000000, 0x0000000090000000| Untracked 
| 217|0x0000000090100000, 0x0000000090100000, 0x0000000090200000|  0%| F|  |TAMS 0x0000000090100000, 0x0000000090100000| Untracked 
| 218|0x0000000090200000, 0x0000000090200000, 0x0000000090300000|  0%| F|  |TAMS 0x0000000090200000, 0x0000000090200000| Untracked 
| 219|0x0000000090300000, 0x0000000090300000, 0x0000000090400000|  0%| F|  |TAMS 0x0000000090300000, 0x0000000090300000| Untracked 
| 220|0x0000000090400000, 0x0000000090400000, 0x0000000090500000|  0%| F|  |TAMS 0x0000000090400000, 0x0000000090400000| Untracked 
| 221|0x0000000090500000, 0x0000000090500000, 0x0000000090600000|  0%| F|  |TAMS 0x0000000090500000, 0x0000000090500000| Untracked 
| 222|0x0000000090600000, 0x0000000090600000, 0x0000000090700000|  0%| F|  |TAMS 0x0000000090600000, 0x0000000090600000| Untracked 
| 223|0x0000000090700000, 0x0000000090700000, 0x0000000090800000|  0%| F|  |TAMS 0x0000000090700000, 0x0000000090700000| Untracked 
| 224|0x0000000090800000, 0x0000000090800000, 0x0000000090900000|  0%| F|  |TAMS 0x0000000090800000, 0x0000000090800000| Untracked 
| 225|0x0000000090900000, 0x0000000090900000, 0x0000000090a00000|  0%| F|  |TAMS 0x0000000090900000, 0x0000000090900000| Untracked 
| 226|0x0000000090a00000, 0x0000000090a00000, 0x0000000090b00000|  0%| F|  |TAMS 0x0000000090a00000, 0x0000000090a00000| Untracked 
| 227|0x0000000090b00000, 0x0000000090b00000, 0x0000000090c00000|  0%| F|  |TAMS 0x0000000090b00000, 0x0000000090b00000| Untracked 
| 228|0x0000000090c00000, 0x0000000090c00000, 0x0000000090d00000|  0%| F|  |TAMS 0x0000000090c00000, 0x0000000090c00000| Untracked 
| 229|0x0000000090d00000, 0x0000000090d00000, 0x0000000090e00000|  0%| F|  |TAMS 0x0000000090d00000, 0x0000000090d00000| Untracked 
| 230|0x0000000090e00000, 0x0000000090e00000, 0x0000000090f00000|  0%| F|  |TAMS 0x0000000090e00000, 0x0000000090e00000| Untracked 
| 231|0x0000000090f00000, 0x0000000090f00000, 0x0000000091000000|  0%| F|  |TAMS 0x0000000090f00000, 0x0000000090f00000| Untracked 
| 232|0x0000000091000000, 0x0000000091000000, 0x0000000091100000|  0%| F|  |TAMS 0x0000000091000000, 0x0000000091000000| Untracked 
| 233|0x0000000091100000, 0x00000000911e0fe0, 0x0000000091200000| 87%| S|CS|TAMS 0x0000000091100000, 0x0000000091100000| Complete 
| 234|0x0000000091200000, 0x0000000091300000, 0x0000000091300000|100%| S|CS|TAMS 0x0000000091200000, 0x0000000091200000| Complete 
| 235|0x0000000091300000, 0x0000000091400000, 0x0000000091400000|100%| S|CS|TAMS 0x0000000091300000, 0x0000000091300000| Complete 
| 236|0x0000000091400000, 0x0000000091480800, 0x0000000091500000| 50%| E|  |TAMS 0x0000000091400000, 0x0000000091400000| Complete 
| 237|0x0000000091500000, 0x0000000091600000, 0x0000000091600000|100%| E|CS|TAMS 0x0000000091500000, 0x0000000091500000| Complete 
| 238|0x0000000091600000, 0x0000000091700000, 0x0000000091700000|100%| E|CS|TAMS 0x0000000091600000, 0x0000000091600000| Complete 
| 239|0x0000000091700000, 0x0000000091800000, 0x0000000091800000|100%| E|CS|TAMS 0x0000000091700000, 0x0000000091700000| Complete 
| 240|0x0000000091800000, 0x0000000091900000, 0x0000000091900000|100%| E|CS|TAMS 0x0000000091800000, 0x0000000091800000| Complete 

Card table byte_map: [0x000001ae3adf0000,0x000001ae3b1e0000] _byte_map_base: 0x000001ae3a9dc000

Marking Bits (Prev, Next): (CMBitMap*) 0x000001ae23e8c150, (CMBitMap*) 0x000001ae23e8c190
 Prev Bits: [0x000001ae3b5d0000, 0x000001ae3d530000)
 Next Bits: [0x000001ae3d530000, 0x000001ae3f490000)

Polling page: 0x000001ae21fb0000

Metaspace:

Usage:
  Non-class:      7.26 MB used.
      Class:    909.57 KB used.
       Both:      8.15 MB used.

Virtual space:
  Non-class space:       64.00 MB reserved,       7.38 MB ( 12%) committed,  1 nodes.
      Class space:        1.00 GB reserved,       1.00 MB ( <1%) committed,  1 nodes.
             Both:        1.06 GB reserved,       8.38 MB ( <1%) committed. 

Chunk freelists:
   Non-Class:  8.50 MB
       Class:  15.04 MB
        Both:  23.54 MB

MaxMetaspaceSize: unlimited
CompressedClassSpaceSize: 1.00 GB
Initial GC threshold: 21.00 MB
Current GC threshold: 21.00 MB
CDS: on
MetaspaceReclaimPolicy: balanced
 - commit_granule_bytes: 65536.
 - commit_granule_words: 8192.
 - virtual_space_node_default_size: 8388608.
 - enlarge_chunks_in_place: 1.
 - new_chunks_are_fully_committed: 0.
 - uncommit_free_chunks: 1.
 - use_allocation_guard: 0.
 - handle_deallocations: 1.


Internal statistics:

num_allocs_failed_limit: 0.
num_arena_births: 118.
num_arena_deaths: 0.
num_vsnodes_births: 2.
num_vsnodes_deaths: 0.
num_space_committed: 134.
num_space_uncommitted: 0.
num_chunks_returned_to_freelist: 0.
num_chunks_taken_from_freelist: 172.
num_chunk_merges: 0.
num_chunk_splits: 91.
num_chunks_enlarged: 21.
num_inconsistent_stats: 0.

CodeHeap 'non-profiled nmethods': size=120000Kb used=409Kb max_used=409Kb free=119590Kb
 bounds [0x000001ae331a0000, 0x000001ae33410000, 0x000001ae3a6d0000]
CodeHeap 'profiled nmethods': size=120000Kb used=2528Kb max_used=2528Kb free=117471Kb
 bounds [0x000001ae2b6d0000, 0x000001ae2b950000, 0x000001ae32c00000]
CodeHeap 'non-nmethods': size=5760Kb used=1277Kb max_used=1283Kb free=4482Kb
 bounds [0x000001ae32c00000, 0x000001ae32e70000, 0x000001ae331a0000]
 total_blobs=2056 nmethods=1453 adapters=515
 compilation: enabled
              stopped_count=0, restarted_count=0
 full_count=0

Compilation events (20 events):
Event: 8.155 Thread 0x000001ae41ebb830 1424       3       java.lang.invoke.Invokers$Holder::linkToTargetMethod (9 bytes)
Event: 8.155 Thread 0x000001ae41ebb830 nmethod 1424 0x000001ae2b93f190 code [0x000001ae2b93f340, 0x000001ae2b93f678]
Event: 8.155 Thread 0x000001ae41ebb830 1426       3       java.util.Optional::empty (6 bytes)
Event: 8.155 Thread 0x000001ae41ebb830 nmethod 1426 0x000001ae2b93f790 code [0x000001ae2b93f920, 0x000001ae2b93fa18]
Event: 8.155 Thread 0x000001ae41ebb830 1427       3       jdk.internal.module.SystemModuleFinders$SystemImage::reader (4 bytes)
Event: 8.155 Thread 0x000001ae41ebb830 nmethod 1427 0x000001ae2b93fa90 code [0x000001ae2b93fc20, 0x000001ae2b93fd18]
Event: 8.155 Thread 0x000001ae41ebb830 1428       3       jdk.internal.jimage.ImageReader::requireOpen (18 bytes)
Event: 8.156 Thread 0x000001ae41eb0e50 nmethod 1423 0x000001ae33205590 code [0x000001ae33205700, 0x000001ae332057b8]
Event: 8.156 Thread 0x000001ae41ebb830 nmethod 1428 0x000001ae2b93fd90 code [0x000001ae2b93ff40, 0x000001ae2b940148]
Event: 8.156 Thread 0x000001ae41eb0e50 1425       4       java.lang.String::toString (2 bytes)
Event: 8.156 Thread 0x000001ae41eb0e50 nmethod 1425 0x000001ae33205890 code [0x000001ae33205a00, 0x000001ae33205a78]
Event: 8.185 Thread 0x000001ae41ebb830 1429       3       java.util.Arrays::copyOf (10 bytes)
Event: 8.185 Thread 0x000001ae41ebb830 nmethod 1429 0x000001ae2b940210 code [0x000001ae2b9403c0, 0x000001ae2b940508]
Event: 8.185 Thread 0x000001ae41ebb830 1430       3       java.util.Calendar::internalSet (8 bytes)
Event: 8.185 Thread 0x000001ae41ebb830 nmethod 1430 0x000001ae2b940610 code [0x000001ae2b9407a0, 0x000001ae2b9408d8]
Event: 8.186 Thread 0x000001ae41ebb830 1431       3       java.awt.image.ReplicateScaleFilter::setPixels (226 bytes)
Event: 8.186 Thread 0x000001ae41ebb830 nmethod 1431 0x000001ae2b940990 code [0x000001ae2b940ba0, 0x000001ae2b941578]
Event: 8.188 Thread 0x000001ae41eb0e50 1432       4       sun.awt.image.JPEGImageDecoder::sendPixels (40 bytes)
Event: 8.194 Thread 0x000001ae41ebb830 1434       3       java.util.LinkedList::add (7 bytes)
Event: 8.194 Thread 0x000001ae41ebb830 nmethod 1434 0x000001ae2b941990 code [0x000001ae2b941b40, 0x000001ae2b941c88]

GC Heap History (20 events):
Event: 2.687 GC heap before
{Heap before GC invocations=1 (full 0):
 garbage-first heap   total 129024K, used 88576K [0x0000000082800000, 0x0000000100000000)
  region size 1024K, 33 young (33792K), 3 survivors (3072K)
 Metaspace       used 6885K, committed 7040K, reserved 1114112K
  class space    used 716K, committed 832K, reserved 1048576K
}
Event: 2.690 GC heap after
{Heap after GC invocations=2 (full 0):
 garbage-first heap   total 129024K, used 60313K [0x0000000082800000, 0x0000000100000000)
  region size 1024K, 3 young (3072K), 3 survivors (3072K)
 Metaspace       used 6885K, committed 7040K, reserved 1114112K
  class space    used 716K, committed 832K, reserved 1048576K
}
Event: 2.705 GC heap before
{Heap before GC invocations=2 (full 0):
 garbage-first heap   total 129024K, used 63385K [0x0000000082800000, 0x0000000100000000)
  region size 1024K, 5 young (5120K), 3 survivors (3072K)
 Metaspace       used 6895K, committed 7104K, reserved 1114112K
  class space    used 716K, committed 832K, reserved 1048576K
}
Event: 2.708 GC heap after
{Heap after GC invocations=3 (full 0):
 garbage-first heap   total 129024K, used 41888K [0x0000000082800000, 0x0000000100000000)
  region size 1024K, 3 young (3072K), 3 survivors (3072K)
 Metaspace       used 6895K, committed 7104K, reserved 1114112K
  class space    used 716K, committed 832K, reserved 1048576K
}
Event: 2.903 GC heap before
{Heap before GC invocations=3 (full 0):
 garbage-first heap   total 129024K, used 61344K [0x0000000082800000, 0x0000000100000000)
  region size 1024K, 5 young (5120K), 3 survivors (3072K)
 Metaspace       used 6918K, committed 7104K, reserved 1114112K
  class space    used 716K, committed 832K, reserved 1048576K
}
Event: 2.905 GC heap after
{Heap after GC invocations=4 (full 0):
 garbage-first heap   total 129024K, used 59192K [0x0000000082800000, 0x0000000100000000)
  region size 1024K, 3 young (3072K), 3 survivors (3072K)
 Metaspace       used 6918K, committed 7104K, reserved 1114112K
  class space    used 716K, committed 832K, reserved 1048576K
}
Event: 2.919 GC heap before
{Heap before GC invocations=4 (full 0):
 garbage-first heap   total 129024K, used 61240K [0x0000000082800000, 0x0000000100000000)
  region size 1024K, 4 young (4096K), 3 survivors (3072K)
 Metaspace       used 6919K, committed 7104K, reserved 1114112K
  class space    used 716K, committed 832K, reserved 1048576K
}
Event: 2.922 GC heap after
{Heap after GC invocations=5 (full 0):
 garbage-first heap   total 129024K, used 42814K [0x0000000082800000, 0x0000000100000000)
  region size 1024K, 3 young (3072K), 3 survivors (3072K)
 Metaspace       used 6919K, committed 7104K, reserved 1114112K
  class space    used 716K, committed 832K, reserved 1048576K
}
Event: 3.066 GC heap before
{Heap before GC invocations=5 (full 0):
 garbage-first heap   total 129024K, used 61246K [0x0000000082800000, 0x0000000100000000)
  region size 1024K, 4 young (4096K), 3 survivors (3072K)
 Metaspace       used 6937K, committed 7104K, reserved 1114112K
  class space    used 716K, committed 832K, reserved 1048576K
}
Event: 3.068 GC heap after
{Heap after GC invocations=6 (full 0):
 garbage-first heap   total 129024K, used 59256K [0x0000000082800000, 0x0000000100000000)
  region size 1024K, 3 young (3072K), 3 survivors (3072K)
 Metaspace       used 6937K, committed 7104K, reserved 1114112K
  class space    used 716K, committed 832K, reserved 1048576K
}
Event: 3.099 GC heap before
{Heap before GC invocations=6 (full 0):
 garbage-first heap   total 129024K, used 61304K [0x0000000082800000, 0x0000000100000000)
  region size 1024K, 4 young (4096K), 3 survivors (3072K)
 Metaspace       used 6937K, committed 7104K, reserved 1114112K
  class space    used 716K, committed 832K, reserved 1048576K
}
Event: 3.102 GC heap after
{Heap after GC invocations=7 (full 0):
 garbage-first heap   total 246784K, used 42865K [0x0000000082800000, 0x0000000100000000)
  region size 1024K, 3 young (3072K), 3 survivors (3072K)
 Metaspace       used 6937K, committed 7104K, reserved 1114112K
  class space    used 716K, committed 832K, reserved 1048576K
}
Event: 3.616 GC heap before
{Heap before GC invocations=7 (full 0):
 garbage-first heap   total 246784K, used 114545K [0x0000000082800000, 0x0000000100000000)
  region size 1024K, 5 young (5120K), 3 survivors (3072K)
 Metaspace       used 7034K, committed 7232K, reserved 1114112K
  class space    used 716K, committed 832K, reserved 1048576K
}
Event: 3.619 GC heap after
{Heap after GC invocations=8 (full 0):
 garbage-first heap   total 246784K, used 111473K [0x0000000082800000, 0x0000000100000000)
  region size 1024K, 3 young (3072K), 3 survivors (3072K)
 Metaspace       used 7034K, committed 7232K, reserved 1114112K
  class space    used 716K, committed 832K, reserved 1048576K
}
Event: 3.646 GC heap before
{Heap before GC invocations=8 (full 0):
 garbage-first heap   total 246784K, used 115569K [0x0000000082800000, 0x0000000100000000)
  region size 1024K, 5 young (5120K), 3 survivors (3072K)
 Metaspace       used 7034K, committed 7232K, reserved 1114112K
  class space    used 716K, committed 832K, reserved 1048576K
}
Event: 3.650 GC heap after
{Heap after GC invocations=9 (full 0):
 garbage-first heap   total 246784K, used 44853K [0x0000000082800000, 0x0000000100000000)
  region size 1024K, 3 young (3072K), 3 survivors (3072K)
 Metaspace       used 7034K, committed 7232K, reserved 1114112K
  class space    used 716K, committed 832K, reserved 1048576K
}
Event: 4.056 GC heap before
{Heap before GC invocations=9 (full 0):
 garbage-first heap   total 246784K, used 114485K [0x0000000082800000, 0x0000000100000000)
  region size 1024K, 5 young (5120K), 3 survivors (3072K)
 Metaspace       used 7084K, committed 7296K, reserved 1114112K
  class space    used 716K, committed 832K, reserved 1048576K
}
Event: 4.059 GC heap after
{Heap after GC invocations=10 (full 0):
 garbage-first heap   total 246784K, used 110398K [0x0000000082800000, 0x0000000100000000)
  region size 1024K, 3 young (3072K), 3 survivors (3072K)
 Metaspace       used 7084K, committed 7296K, reserved 1114112K
  class space    used 716K, committed 832K, reserved 1048576K
}
Event: 4.073 GC heap before
{Heap before GC invocations=10 (full 0):
 garbage-first heap   total 246784K, used 115518K [0x0000000082800000, 0x0000000100000000)
  region size 1024K, 5 young (5120K), 3 survivors (3072K)
 Metaspace       used 7087K, committed 7296K, reserved 1114112K
  class space    used 716K, committed 832K, reserved 1048576K
}
Event: 4.078 GC heap after
{Heap after GC invocations=11 (full 0):
 garbage-first heap   total 246784K, used 46979K [0x0000000082800000, 0x0000000100000000)
  region size 1024K, 3 young (3072K), 3 survivors (3072K)
 Metaspace       used 7087K, committed 7296K, reserved 1114112K
  class space    used 716K, committed 832K, reserved 1048576K
}

Deoptimization events (20 events):
Event: 8.146 Thread 0x000001ae87faf370 DEOPT PACKING pc=0x000001ae331e48fc sp=0x000000a7f0dfe7f0
Event: 8.146 Thread 0x000001ae87faf370 DEOPT UNPACKING pc=0x000001ae32c523a3 sp=0x000000a7f0dfe708 mode 2
Event: 8.146 Thread 0x000001ae87faf370 Uncommon trap: trap_request=0xffffffde fr.pc=0x000001ae331e5380 relative=0x0000000000000440
Event: 8.146 Thread 0x000001ae87faf370 Uncommon trap: reason=class_check action=maybe_recompile pc=0x000001ae331e5380 method=java.util.HashMap.getNode(Ljava/lang/Object;)Ljava/util/HashMap$Node; @ 128 c2
Event: 8.146 Thread 0x000001ae87faf370 DEOPT PACKING pc=0x000001ae331e5380 sp=0x000000a7f0dfe780
Event: 8.146 Thread 0x000001ae87faf370 DEOPT UNPACKING pc=0x000001ae32c523a3 sp=0x000000a7f0dfe708 mode 2
Event: 8.186 Thread 0x000001ae880a8010 Uncommon trap: trap_request=0xffffff45 fr.pc=0x000001ae331d4ea0 relative=0x0000000000000760
Event: 8.186 Thread 0x000001ae880a8010 Uncommon trap: reason=unstable_if action=reinterpret pc=0x000001ae331d4ea0 method=java.awt.image.ReplicateScaleFilter.setPixels(IIIILjava/awt/image/ColorModel;[III)V @ 4 c2
Event: 8.186 Thread 0x000001ae880a8010 DEOPT PACKING pc=0x000001ae331d4ea0 sp=0x000000a7f1afe730
Event: 8.186 Thread 0x000001ae880a8010 DEOPT UNPACKING pc=0x000001ae32c523a3 sp=0x000000a7f1afe698 mode 2
Event: 8.186 Thread 0x000001ae880a8010 DEOPT PACKING pc=0x000001ae2b941499 sp=0x000000a7f1afe700
Event: 8.186 Thread 0x000001ae880a8010 DEOPT UNPACKING pc=0x000001ae32c52b43 sp=0x000000a7f1afdb90 mode 0
Event: 8.187 Thread 0x000001ae880a8010 DEOPT PACKING pc=0x000001ae2b941499 sp=0x000000a7f1afe700
Event: 8.187 Thread 0x000001ae880a8010 DEOPT UNPACKING pc=0x000001ae32c52b43 sp=0x000000a7f1afdb90 mode 0
Event: 8.188 Thread 0x000001ae880a8010 DEOPT PACKING pc=0x000001ae2b941499 sp=0x000000a7f1afe700
Event: 8.188 Thread 0x000001ae880a8010 DEOPT UNPACKING pc=0x000001ae32c52b43 sp=0x000000a7f1afdb90 mode 0
Event: 8.189 Thread 0x000001ae880a8010 DEOPT PACKING pc=0x000001ae2b941499 sp=0x000000a7f1afe700
Event: 8.189 Thread 0x000001ae880a8010 DEOPT UNPACKING pc=0x000001ae32c52b43 sp=0x000000a7f1afdb90 mode 0
Event: 8.190 Thread 0x000001ae880a8010 DEOPT PACKING pc=0x000001ae2b941499 sp=0x000000a7f1afe700
Event: 8.190 Thread 0x000001ae880a8010 DEOPT UNPACKING pc=0x000001ae32c52b43 sp=0x000000a7f1afdb90 mode 0

Classes unloaded (0 events):
No events

Classes redefined (0 events):
No events

Internal exceptions (20 events):
Event: 0.072 Thread 0x000001ae23e2dea0 Exception <a 'sun/nio/fs/WindowsException'{0x000000008a440868}> (0x000000008a440868) 
thrown [s\open\src\hotspot\share\prims\jni.cpp, line 516]
Event: 0.073 Thread 0x000001ae23e2dea0 Exception <a 'sun/nio/fs/WindowsException'{0x000000008a442838}> (0x000000008a442838) 
thrown [s\open\src\hotspot\share\prims\jni.cpp, line 516]
Event: 0.160 Thread 0x000001ae23e2dea0 Exception <a 'sun/nio/fs/WindowsException'{0x000000008a4431b0}> (0x000000008a4431b0) 
thrown [s\open\src\hotspot\share\prims\jni.cpp, line 516]
Event: 0.161 Thread 0x000001ae23e2dea0 Exception <a 'sun/nio/fs/WindowsException'{0x000000008a443b58}> (0x000000008a443b58) 
thrown [s\open\src\hotspot\share\prims\jni.cpp, line 516]
Event: 0.212 Thread 0x000001ae23e2dea0 Exception <a 'java/lang/ClassNotFoundException'{0x000000008a3185c0}: sun/awt/resources/spi/awtProvider> (0x000000008a3185c0) 
thrown [s\open\src\hotspot\share\classfile\systemDictionary.cpp, line 256]
Event: 0.233 Thread 0x000001ae23e2dea0 Exception <a 'java/io/FileNotFoundException'{0x000000008a36aaf0}> (0x000000008a36aaf0) 
thrown [s\open\src\hotspot\share\prims\jni.cpp, line 516]
Event: 0.239 Thread 0x000001ae23e2dea0 Exception <a 'java/io/FileNotFoundException'{0x000000008a397c30}> (0x000000008a397c30) 
thrown [s\open\src\hotspot\share\prims\jni.cpp, line 516]
Event: 0.272 Thread 0x000001ae23e2dea0 Exception <a 'java/lang/NoSuchMethodError'{0x000000008a3dbe60}: 'java.lang.Object java.lang.invoke.DirectMethodHandle$Holder.invokeStaticInit(java.lang.Object)'> (0x000000008a3dbe60) 
thrown [s\open\src\hotspot\share\interpreter\linkResolver.cpp, line 759]
Event: 0.324 Thread 0x000001ae23e2dea0 Exception <a 'java/lang/NoSuchMethodError'{0x000000008a239c08}: 'void java.lang.invoke.DirectMethodHandle$Holder.invokeSpecial(java.lang.Object, java.lang.Object, java.lang.Object)'> (0x000000008a239c08) 
thrown [s\open\src\hotspot\share\interpreter\linkResolver.cpp, line 759]
Event: 0.331 Thread 0x000001ae23e2dea0 Exception <a 'java/lang/NoSuchMethodError'{0x000000008a263e40}: 'java.lang.Object java.lang.invoke.DirectMethodHandle$Holder.newInvokeSpecial(java.lang.Object, java.lang.Object, java.lang.Object, java.lang.Object, java.lang.Object)'> (0x000000008a263e40) 
thrown [s\open\src\hotspot\share\interpreter\linkResolver.cpp, line 759]
Event: 0.334 Thread 0x000001ae23e2dea0 Exception <a 'java/lang/NoSuchMethodError'{0x000000008a26f808}: 'java.lang.Object java.lang.invoke.DirectMethodHandle$Holder.invokeStatic(java.lang.Object, int, java.lang.Object, java.lang.Object, java.lang.Object, java.lang.Object)'> (0x000000008a26f808) 
thrown [s\open\src\hotspot\share\interpreter\linkResolver.cpp, line 759]
Event: 0.338 Thread 0x000001ae23e2dea0 Exception <a 'java/lang/NoSuchMethodError'{0x000000008a295410}: 'java.lang.Object java.lang.invoke.DirectMethodHandle$Holder.invokeStatic(java.lang.Object, int, java.lang.Object)'> (0x000000008a295410) 
thrown [s\open\src\hotspot\share\interpreter\linkResolver.cpp, line 759]
Event: 0.365 Thread 0x000001ae23e2dea0 Exception <a 'java/lang/ClassNotFoundException'{0x000000008a14df58}: com/sun/swing/internal/plaf/metal/resources/spi/metalProvider> (0x000000008a14df58) 
thrown [s\open\src\hotspot\share\classfile\systemDictionary.cpp, line 256]
Event: 0.365 Thread 0x000001ae23e2dea0 Exception <a 'java/lang/ClassNotFoundException'{0x000000008a151db0}: com/sun/swing/internal/plaf/basic/resources/spi/basicProvider> (0x000000008a151db0) 
thrown [s\open\src\hotspot\share\classfile\systemDictionary.cpp, line 256]
Event: 0.434 Thread 0x000001ae874b8ab0 Exception <a 'java/lang/NoSuchMethodError'{0x000000008a0efff8}: 'java.lang.Object java.lang.invoke.DirectMethodHandle$Holder.newInvokeSpecial(java.lang.Object, java.lang.Object, java.lang.Object, int, int, int, int, int)'> (0x000000008a0efff8) 
thrown [s\open\src\hotspot\share\interpreter\linkResolver.cpp, line 759]
Event: 0.960 Thread 0x000001ae87415ed0 Exception <a 'java/lang/NoSuchMethodError'{0x00000000893890f8}: 'void java.lang.invoke.DirectMethodHandle$Holder.invokeVirtual(java.lang.Object, java.lang.Object)'> (0x00000000893890f8) 
thrown [s\open\src\hotspot\share\interpreter\linkResolver.cpp, line 759]
Event: 1.000 Thread 0x000001ae23e2dea0 Exception <a 'java/lang/NoSuchMethodError'{0x0000000089649a10}: 'void java.lang.invoke.DirectMethodHandle$Holder.invokeStaticInit(java.lang.Object)'> (0x0000000089649a10) 
thrown [s\open\src\hotspot\share\interpreter\linkResolver.cpp, line 759]
Event: 1.333 Thread 0x000001ae87feb880 Exception <a 'sun/java2d/InvalidPipeException'{0x00000000893fddd0}: GDIWindowSurfaceData: bounds changed> (0x00000000893fddd0) 
thrown [s\open\src\hotspot\share\prims\jni.cpp, line 535]
Event: 1.337 Thread 0x000001ae87feb880 Exception <a 'sun/java2d/InvalidPipeException'{0x00000000893fe3e0}: GDIWindowSurfaceData: bounds changed> (0x00000000893fe3e0) 
thrown [s\open\src\hotspot\share\prims\jni.cpp, line 535]
Event: 8.185 Thread 0x000001ae880a8010 Implicit null exception at 0x000001ae331d478d to 0x000001ae331d4e8d

VM Operations (20 events):
Event: 3.099 Executing VM operation: G1TryInitiateConcMark
Event: 3.102 Executing VM operation: G1TryInitiateConcMark done
Event: 3.616 Executing VM operation: G1TryInitiateConcMark
Event: 3.619 Executing VM operation: G1TryInitiateConcMark done
Event: 3.646 Executing VM operation: G1TryInitiateConcMark
Event: 3.650 Executing VM operation: G1TryInitiateConcMark done
Event: 4.056 Executing VM operation: G1TryInitiateConcMark
Event: 4.059 Executing VM operation: G1TryInitiateConcMark done
Event: 4.073 Executing VM operation: G1TryInitiateConcMark
Event: 4.078 Executing VM operation: G1TryInitiateConcMark done
Event: 8.081 Executing VM operation: HandshakeAllThreads
Event: 8.081 Executing VM operation: HandshakeAllThreads done
Event: 8.081 Executing VM operation: Cleanup
Event: 8.082 Executing VM operation: Cleanup done
Event: 8.099 Executing VM operation: HandshakeAllThreads
Event: 8.099 Executing VM operation: HandshakeAllThreads done
Event: 8.103 Executing VM operation: HandshakeAllThreads
Event: 8.103 Executing VM operation: HandshakeAllThreads done
Event: 8.148 Executing VM operation: HandshakeAllThreads
Event: 8.148 Executing VM operation: HandshakeAllThreads done

Events (20 events):
Event: 8.148 loading class javax/swing/AbstractButton$Handler
Event: 8.148 loading class javax/swing/AbstractButton$Handler done
Event: 8.149 loading class javax/swing/plaf/metal/MetalButtonUI
Event: 8.150 loading class javax/swing/plaf/basic/BasicButtonUI
Event: 8.151 loading class javax/swing/plaf/ButtonUI
Event: 8.151 loading class javax/swing/plaf/ButtonUI done
Event: 8.151 loading class javax/swing/plaf/basic/BasicButtonUI done
Event: 8.151 loading class javax/swing/plaf/metal/MetalButtonUI done
Event: 8.152 loading class javax/swing/plaf/metal/MetalBorders$ButtonBorder
Event: 8.152 loading class javax/swing/plaf/metal/MetalBorders$ButtonBorder done
Event: 8.153 loading class javax/swing/plaf/basic/BasicButtonListener
Event: 8.153 loading class javax/swing/plaf/basic/BasicButtonListener done
Event: 8.153 loading class javax/swing/JToggleButton
Event: 8.153 loading class javax/swing/JToggleButton done
Event: 8.153 loading class javax/swing/event/AncestorListener
Event: 8.153 loading class javax/swing/event/AncestorListener done
Event: 8.153 loading class java/beans/VetoableChangeListener
Event: 8.154 loading class java/beans/VetoableChangeListener done
Event: 8.156 Thread 0x000001ae880ab2b0 Thread added: 0x000001ae880ab2b0
Event: 8.175 Thread 0x000001ae880a8010 Thread added: 0x000001ae880a8010


Dynamic libraries:
0x00007ff65d740000 - 0x00007ff65d750000 	C:\Program Files\Java\jdk-17\bin\java.exe
0x00007fff77610000 - 0x00007fff77826000 	C:\WINDOWS\SYSTEM32\ntdll.dll
0x00007fff76f60000 - 0x00007fff77024000 	C:\WINDOWS\System32\KERNEL32.DLL
0x00007fff74ef0000 - 0x00007fff75296000 	C:\WINDOWS\System32\KERNELBASE.dll
0x00007fff74bc0000 - 0x00007fff74cd1000 	C:\WINDOWS\System32\ucrtbase.dll
0x00007fff5ba00000 - 0x00007fff5ba1b000 	C:\Program Files\Java\jdk-17\bin\VCRUNTIME140.dll
0x00007fff6fa30000 - 0x00007fff6fa49000 	C:\Program Files\Java\jdk-17\bin\jli.dll
0x00007fff76440000 - 0x00007fff764f2000 	C:\WINDOWS\System32\ADVAPI32.dll
0x00007fff77030000 - 0x00007fff770d7000 	C:\WINDOWS\System32\msvcrt.dll
0x00007fff769a0000 - 0x00007fff76a48000 	C:\WINDOWS\System32\sechost.dll
0x00007fff74950000 - 0x00007fff74978000 	C:\WINDOWS\System32\bcrypt.dll
0x00007fff770e0000 - 0x00007fff771f5000 	C:\WINDOWS\System32\RPCRT4.dll
0x00007fff76db0000 - 0x00007fff76f5d000 	C:\WINDOWS\System32\USER32.dll
0x00007fff74b90000 - 0x00007fff74bb6000 	C:\WINDOWS\System32\win32u.dll
0x00007fff77200000 - 0x00007fff77229000 	C:\WINDOWS\System32\GDI32.dll
0x00007fff61170000 - 0x00007fff61403000 	C:\WINDOWS\WinSxS\amd64_microsoft.windows.common-controls_6595b64144ccf1df_6.0.22621.3235_none_270f74e173860f98\COMCTL32.dll
0x00007fff74980000 - 0x00007fff74a98000 	C:\WINDOWS\System32\gdi32full.dll
0x00007fff74e50000 - 0x00007fff74eea000 	C:\WINDOWS\System32\msvcp_win.dll
0x00007fff6b020000 - 0x00007fff6b02a000 	C:\WINDOWS\SYSTEM32\VERSION.dll
0x00007fff76b60000 - 0x00007fff76b91000 	C:\WINDOWS\System32\IMM32.DLL
0x00007fff5f4a0000 - 0x00007fff5f4ac000 	C:\Program Files\Java\jdk-17\bin\vcruntime140_1.dll
0x00007fff4aab0000 - 0x00007fff4ab3e000 	C:\Program Files\Java\jdk-17\bin\msvcp140.dll
0x00007ffef8a50000 - 0x00007ffef9631000 	C:\Program Files\Java\jdk-17\bin\server\jvm.dll
0x00007fff76500000 - 0x00007fff76508000 	C:\WINDOWS\System32\PSAPI.DLL
0x00007fff60010000 - 0x00007fff60019000 	C:\WINDOWS\SYSTEM32\WSOCK32.dll
0x00007fff6cd50000 - 0x00007fff6cd84000 	C:\WINDOWS\SYSTEM32\WINMM.dll
0x00007fff76ae0000 - 0x00007fff76b51000 	C:\WINDOWS\System32\WS2_32.dll
0x00007fff73a80000 - 0x00007fff73a98000 	C:\WINDOWS\SYSTEM32\kernel.appcore.dll
0x00007fff5ece0000 - 0x00007fff5ecea000 	C:\Program Files\Java\jdk-17\bin\jimage.dll
0x00007fff722e0000 - 0x00007fff72513000 	C:\WINDOWS\SYSTEM32\DBGHELP.DLL
0x00007fff77230000 - 0x00007fff775b8000 	C:\WINDOWS\System32\combase.dll
0x00007fff75480000 - 0x00007fff75557000 	C:\WINDOWS\System32\OLEAUT32.dll
0x00007fff57860000 - 0x00007fff57892000 	C:\WINDOWS\SYSTEM32\dbgcore.DLL
0x00007fff74aa0000 - 0x00007fff74b1a000 	C:\WINDOWS\System32\bcryptPrimitives.dll
0x00007fff4ad90000 - 0x00007fff4adb5000 	C:\Program Files\Java\jdk-17\bin\java.dll
0x00007fff4acb0000 - 0x00007fff4ad87000 	C:\Program Files\Java\jdk-17\bin\jsvml.dll
0x00007fff75830000 - 0x00007fff7608d000 	C:\WINDOWS\System32\SHELL32.dll
0x00007fff728b0000 - 0x00007fff731a8000 	C:\WINDOWS\SYSTEM32\windows.storage.dll
0x00007fff72770000 - 0x00007fff728ae000 	C:\WINDOWS\SYSTEM32\wintypes.dll
0x00007fff75360000 - 0x00007fff75453000 	C:\WINDOWS\System32\SHCORE.dll
0x00007fff75770000 - 0x00007fff757ce000 	C:\WINDOWS\System32\shlwapi.dll
0x00007fff74880000 - 0x00007fff748a6000 	C:\WINDOWS\SYSTEM32\profapi.dll
0x00007fff5a030000 - 0x00007fff5a049000 	C:\Program Files\Java\jdk-17\bin\net.dll
0x00007fff6bf40000 - 0x00007fff6c077000 	C:\WINDOWS\SYSTEM32\WINHTTP.dll
0x00007fff73f00000 - 0x00007fff73f69000 	C:\WINDOWS\system32\mswsock.dll
0x00007fff4d330000 - 0x00007fff4d346000 	C:\Program Files\Java\jdk-17\bin\nio.dll
0x00007fff4b050000 - 0x00007fff4b068000 	C:\Program Files\Java\jdk-17\bin\zip.dll
0x00007fff1b030000 - 0x00007fff1b1c1000 	C:\Program Files\Java\jdk-17\bin\awt.dll
0x00007fff71920000 - 0x00007fff719b7000 	C:\WINDOWS\SYSTEM32\apphelp.dll
0x00007fff71d40000 - 0x00007fff71d6b000 	C:\WINDOWS\system32\DWMAPI.DLL
0x00007fff71ae0000 - 0x00007fff71b8b000 	C:\WINDOWS\system32\uxtheme.dll
0x00007fff3f9b0000 - 0x00007fff3fab0000 	C:\WINDOWS\system32\opengl32.dll
0x00007fff3f980000 - 0x00007fff3f9ad000 	C:\WINDOWS\SYSTEM32\GLU32.dll
0x00007fff71bd0000 - 0x00007fff71c09000 	C:\WINDOWS\SYSTEM32\dxcore.dll
0x00007fff75560000 - 0x00007fff756b4000 	C:\WINDOWS\System32\MSCTF.dll
0x00007fff760e0000 - 0x00007fff7627f000 	C:\WINDOWS\System32\ole32.dll
0x00007fff5bad0000 - 0x00007fff5bafe000 	C:\Program Files\Java\jdk-17\bin\javajpeg.dll
0x00007fff2ce50000 - 0x00007fff2ced7000 	C:\Program Files\Java\jdk-17\bin\freetype.dll
0x00007fff272d0000 - 0x00007fff273a3000 	C:\Program Files\Java\jdk-17\bin\fontmanager.dll
0x00007fff61570000 - 0x00007fff616ba000 	C:\WINDOWS\SYSTEM32\textinputframework.dll
0x00007fff71520000 - 0x00007fff71654000 	C:\WINDOWS\SYSTEM32\CoreMessaging.dll
0x00007fff6d1c0000 - 0x00007fff6d52c000 	C:\WINDOWS\SYSTEM32\CoreUIComponents.dll
0x00007fff74150000 - 0x00007fff7415c000 	C:\WINDOWS\SYSTEM32\CRYPTBASE.DLL
0x00007fff756c0000 - 0x00007fff75770000 	C:\WINDOWS\System32\clbcatq.dll
0x00007fff70230000 - 0x00007fff703e0000 	C:\WINDOWS\SYSTEM32\WindowsCodecs.dll
0x00007fff3eb50000 - 0x00007fff3ebae000 	C:\WINDOWS\system32\dataexchange.dll
0x00007fff6b660000 - 0x00007fff6b8ef000 	C:\WINDOWS\system32\twinapi.appcore.dll

dbghelp: loaded successfully - version: 4.0.5 - missing functions: none
symbol engine: initialized successfully - sym options: 0x614 - pdb path: .;C:\Program Files\Java\jdk-17\bin;C:\WINDOWS\SYSTEM32;C:\WINDOWS\WinSxS\amd64_microsoft.windows.common-controls_6595b64144ccf1df_6.0.22621.3235_none_270f74e173860f98;C:\Program Files\Java\jdk-17\bin\server

VM Arguments:
jvm_args: -Dfile.encoding=UTF-8 --module-path=E:\University Management System\build\classes 
java_command: university.management.system.Splash
java_class_path (initial): E:\Important Java Libraries\mysql-connector-j-8.2.0\mysql-connector-j-8.2.0.jar;E:\Important Java Libraries\jcalendar-tz-1.3.3-4.jar;E:\Important Java Libraries\rs2xml.jar;E:\University Management System\build\classes
Launcher Type: SUN_STANDARD

[Global flags]
     intx CICompilerCount                          = 4                                         {product} {ergonomic}
     uint ConcGCThreads                            = 2                                         {product} {ergonomic}
     uint G1ConcRefinementThreads                  = 8                                         {product} {ergonomic}
   size_t G1HeapRegionSize                         = 1048576                                   {product} {ergonomic}
    uintx GCDrainStackTargetSize                   = 64                                        {product} {ergonomic}
   size_t InitialHeapSize                          = 132120576                                 {product} {ergonomic}
   size_t MarkStackSize                            = 4194304                                   {product} {ergonomic}
   size_t MaxHeapSize                              = 2105540608                                {product} {ergonomic}
   size_t MaxNewSize                               = 1262485504                                {product} {ergonomic}
   size_t MinHeapDeltaBytes                        = 1048576                                   {product} {ergonomic}
   size_t MinHeapSize                              = 8388608                                   {product} {ergonomic}
    uintx NonNMethodCodeHeapSize                   = 5839372                                {pd product} {ergonomic}
    uintx NonProfiledCodeHeapSize                  = 122909434                              {pd product} {ergonomic}
    uintx ProfiledCodeHeapSize                     = 122909434                              {pd product} {ergonomic}
    uintx ReservedCodeCacheSize                    = 251658240                              {pd product} {ergonomic}
     bool SegmentedCodeCache                       = true                                      {product} {ergonomic}
   size_t SoftMaxHeapSize                          = 2105540608                             {manageable} {ergonomic}
     bool UseCompressedClassPointers               = true                           {product lp64_product} {ergonomic}
     bool UseCompressedOops                        = true                           {product lp64_product} {ergonomic}
     bool UseG1GC                                  = true                                      {product} {ergonomic}
     bool UseLargePagesIndividualAllocation        = false                                  {pd product} {ergonomic}

Logging:
Log output configuration:
 #0: stdout all=warning uptime,level,tags
 #1: stderr all=off uptime,level,tags

Environment Variables:
PATH=C:\oraclexe\app\oracle\product\10.2.0\server\bin;C:\Program Files\Common Files\Oracle\Java\javapath;C:\WINDOWS\system32;C:\WINDOWS;C:\WINDOWS\System32\Wbem;C:\WINDOWS\System32\WindowsPowerShell\v1.0\;C:\WINDOWS\System32\OpenSSH\;C:\ProgramData\chocolatey\bin;D:\Program Files\Microsoft VS Code\bin;C:\Program Files\MongoDB\Server\7.0\bin;C:\Program Files\MySQL\MySQL Server 8.0\bin;C:\Program Files\Git\bin;C:\Program Files\Git\cmd;C:\Program Files\nodejs\;C:\Program Files\MySQL\MySQL Shell 8.0\bin\;C:\Users\lenovo\AppData\Local\Microsoft\WindowsApps;C:\Program Files\JetBrains\IntelliJ IDEA Community Edition 2023.2.2\bin;;C:\Program Files\MongoDB\Server\7.0\bin;C:\Program Files\Git\cmd;C:\Program Files\Git\bin;C:\Users\lenovo\AppData\Roaming\npm
USERNAME=lenovo
OS=Windows_NT
PROCESSOR_IDENTIFIER=Intel64 Family 6 Model 142 Stepping 12, GenuineIntel



---------------  S Y S T E M  ---------------

OS:
 Windows 11 , 64 bit Build 22621 (10.0.22621.3235)
OS uptime: 23 days 1:55 hours

CPU: total 8 (initial active 8) (4 cores per cpu, 2 threads per core) family 6 model 142 stepping 12 microcode 0xf0, cx8, cmov, fxsr, ht, mmx, 3dnowpref, sse, sse2, sse3, ssse3, sse4.1, sse4.2, popcnt, lzcnt, tsc, tscinvbit, avx, avx2, aes, erms, clmul, bmi1, bmi2, adx, fma, vzeroupper, clflush, clflushopt

Memory: 4k page, system-wide physical 8025M (411M free)
TotalPageFile size 32601M (AvailPageFile size 2M)
current process WorkingSet (physical memory assigned to process): 204M, peak: 210M
current process commit charge ("private bytes"): 350M, peak: 372M

vm_info: Java HotSpot(TM) 64-Bit Server VM (17.0.9+11-LTS-201) for windows-amd64 JRE (17.0.9+11-LTS-201), built on Oct 10 2023 23:16:06 by "mach5one" with MS VC++ 17.1 (VS2022)

END.
